2019-8-31 12:30:12 新建目录D:/S/demo/src/main/java/com/ming/dao/model 
2019-8-31 12:30:12 新建目录D:/S/demo/src/main/java/com/ming/dao/mapper 
2019-8-31 12:30:12 新建目录D:/S/demo/src/main/resources/mybatis 
2019-8-31 12:30:12 新建目录D:/S/demo/src/main/java/com/ming//service 
2019-8-31 12:30:12 新建目录D:/S/demo/src/main/java/com/ming//service/impl 
2019-8-31 12:30:12 新建目录D:/S/demo/src/main/java/com/ming//controller 
2019-8-31 12:30:12 新建目录D:/S//demo/src/test/js/controller 
2019-8-31 12:30:12 新建目录D:/S//demo/src/main/resources 
2019-8-31 12:30:14 生成application.properties文件 
2019-8-31 12:30:14 生成entity文件-->MqConfig.java 
2019-8-31 12:30:14 生成dao文件-->MqConfigMapper.java 
2019-8-31 12:30:14 生成mapper文件-->MqConfigMapper.xml 
2019-8-31 12:30:14 生成service文件-->MqConfigService.java 
2019-8-31 12:30:14 生成serviceImpl文件-->MqConfigServiceImpl.java 
2019-8-31 12:30:14 生成controller文件-->MqConfigController.java 
2019-8-31 12:30:14 生成controllerJs文件-->MqConfigController.js 
2019-8-31 12:30:14 生成entity文件-->MqMessage.java 
2019-8-31 12:30:14 生成dao文件-->MqMessageMapper.java 
2019-8-31 12:30:14 生成mapper文件-->MqMessageMapper.xml 
2019-8-31 12:30:14 生成service文件-->MqMessageService.java 
2019-8-31 12:30:14 生成serviceImpl文件-->MqMessageServiceImpl.java 
2019-8-31 12:30:14 生成controller文件-->MqMessageController.java 
2019-8-31 12:30:14 生成controllerJs文件-->MqMessageController.js 
2019-8-31 12:30:14 项目生产完毕...!,请在  D:/S/ 执行 mvn  spring-boot:run  命令运行查看 
2019-8-31 12:32:02 新建目录D:/S/demo/src/main/java/com/ming/dao/model 
2019-8-31 12:32:02 新建目录D:/S/demo/src/main/java/com/ming/dao/mapper 
2019-8-31 12:32:02 新建目录D:/S/demo/src/main/resources/mybatis 
2019-8-31 12:32:02 新建目录D:/S/demo/src/main/java/com/ming//service 
2019-8-31 12:32:02 新建目录D:/S/demo/src/main/java/com/ming//service/impl 
2019-8-31 12:32:02 新建目录D:/S/demo/src/main/java/com/ming//controller 
2019-8-31 12:32:02 新建目录D:/S//demo/src/test/js/controller 
2019-8-31 12:32:02 新建目录D:/S//demo/src/main/resources 
2019-8-31 12:32:04 生成application.properties文件 
2019-8-31 12:32:04 生成entity文件-->MqConfig.java 
2019-8-31 12:32:04 生成dao文件-->MqConfigMapper.java 
2019-8-31 12:32:04 生成mapper文件-->MqConfigMapper.xml 
2019-8-31 12:32:04 生成service文件-->MqConfigService.java 
2019-8-31 12:32:04 生成serviceImpl文件-->MqConfigServiceImpl.java 
2019-8-31 12:32:04 生成controller文件-->MqConfigController.java 
2019-8-31 12:32:04 生成controllerJs文件-->MqConfigController.js 
2019-8-31 12:32:04 生成entity文件-->MqMessage.java 
2019-8-31 12:32:04 生成dao文件-->MqMessageMapper.java 
2019-8-31 12:32:04 生成mapper文件-->MqMessageMapper.xml 
2019-8-31 12:32:04 生成service文件-->MqMessageService.java 
2019-8-31 12:32:04 生成serviceImpl文件-->MqMessageServiceImpl.java 
2019-8-31 12:32:04 生成controller文件-->MqMessageController.java 
2019-8-31 12:32:04 生成controllerJs文件-->MqMessageController.js 
2019-8-31 12:32:04 项目生产完毕...!,请在  D:/S/ 执行 mvn  spring-boot:run  命令运行查看 
2019-8-31 12:34:52 新建目录D:/S/demo/src/main/java/com/ming/dao/model 
2019-8-31 12:34:52 新建目录D:/S/demo/src/main/java/com/ming/dao/mapper 
2019-8-31 12:34:52 新建目录D:/S/demo/src/main/resources/mybatis 
2019-8-31 12:34:52 新建目录D:/S/demo/src/main/java/com/ming//service 
2019-8-31 12:34:52 新建目录D:/S/demo/src/main/java/com/ming//service/impl 
2019-8-31 12:34:52 新建目录D:/S/demo/src/main/java/com/ming//controller 
2019-8-31 12:34:52 新建目录D:/S//demo/src/test/js/controller 
2019-8-31 12:34:52 新建目录D:/S//demo/src/main/resources 
2019-8-31 12:34:54 生成application.properties文件 
2019-8-31 12:34:54 生成entity文件-->MqConfig.java 
2019-8-31 12:34:54 生成dao文件-->MqConfigMapper.java 
2019-8-31 12:34:54 生成mapper文件-->MqConfigMapper.xml 
2019-8-31 12:34:54 生成service文件-->MqConfigService.java 
2019-8-31 12:34:54 生成serviceImpl文件-->MqConfigServiceImpl.java 
2019-8-31 12:34:54 生成controller文件-->MqConfigController.java 
2019-8-31 12:34:54 生成controllerJs文件-->MqConfigController.js 
2019-8-31 12:34:54 生成entity文件-->MqMessage.java 
2019-8-31 12:34:54 生成dao文件-->MqMessageMapper.java 
2019-8-31 12:34:54 生成mapper文件-->MqMessageMapper.xml 
2019-8-31 12:34:54 生成service文件-->MqMessageService.java 
2019-8-31 12:34:54 生成serviceImpl文件-->MqMessageServiceImpl.java 
2019-8-31 12:34:54 生成controller文件-->MqMessageController.java 
2019-8-31 12:34:54 生成controllerJs文件-->MqMessageController.js 
2019-8-31 12:34:54 项目生产完毕...!,请在  D:/S/ 执行 mvn  spring-boot:run  命令运行查看 
2019-8-31 12:40:54 新建目录D:/S/demo/src/main/java/com/ming/dao/model 
2019-8-31 12:40:54 新建目录D:/S/demo/src/main/java/com/ming/dao/mapper 
2019-8-31 12:40:54 新建目录D:/S/demo/src/main/resources/mybatis 
2019-8-31 12:40:54 新建目录D:/S/demo/src/main/java/com/ming//service 
2019-8-31 12:40:54 新建目录D:/S/demo/src/main/java/com/ming//service/impl 
2019-8-31 12:40:54 新建目录D:/S/demo/src/main/java/com/ming//controller 
2019-8-31 12:40:54 新建目录D:/S//demo/src/test/js/controller 
2019-8-31 12:40:54 新建目录D:/S//demo/src/main/resources 
2019-8-31 12:40:56 生成application.properties文件 
2019-8-31 12:40:56 生成entity文件-->MqConfig.java 
2019-8-31 12:40:56 生成dao文件-->MqConfigMapper.java 
2019-8-31 12:40:56 生成mapper文件-->MqConfigMapper.xml 
2019-8-31 12:40:56 生成service文件-->MqConfigService.java 
2019-8-31 12:40:56 生成serviceImpl文件-->MqConfigServiceImpl.java 
2019-8-31 12:40:56 生成controller文件-->MqConfigController.java 
2019-8-31 12:40:56 生成controllerJs文件-->MqConfigController.js 
2019-8-31 12:40:56 生成entity文件-->MqMessage.java 
2019-8-31 12:40:56 生成dao文件-->MqMessageMapper.java 
2019-8-31 12:40:56 生成mapper文件-->MqMessageMapper.xml 
2019-8-31 12:40:56 生成service文件-->MqMessageService.java 
2019-8-31 12:40:56 生成serviceImpl文件-->MqMessageServiceImpl.java 
2019-8-31 12:40:56 生成controller文件-->MqMessageController.java 
2019-8-31 12:40:56 生成controllerJs文件-->MqMessageController.js 
2019-8-31 12:40:56 项目生产完毕...!,请在  D:/S/ 执行 mvn  spring-boot:run  命令运行查看 
2019-8-31 14:44:19 新建目录D:/S/demo/src/main/java/com/ming/dao/model 
2019-8-31 14:44:19 新建目录D:/S/demo/src/main/java/com/ming/dao/mapper 
2019-8-31 14:44:19 新建目录D:/S/demo/src/main/resources/mybatis 
2019-8-31 14:44:19 新建目录D:/S/demo/src/main/java/com/ming//service 
2019-8-31 14:44:19 新建目录D:/S/demo/src/main/java/com/ming//service/impl 
2019-8-31 14:44:19 新建目录D:/S/demo/src/main/java/com/ming//controller 
2019-8-31 14:44:19 新建目录D:/S//demo/src/test/js/controller 
2019-8-31 14:44:19 新建目录D:/S//demo/src/main/resources 
2019-8-31 14:44:21 生成application.properties文件 
2019-8-31 14:44:21 生成entity文件-->MqConfig.java 
2019-8-31 14:44:21 生成dao文件-->MqConfigMapper.java 
2019-8-31 14:44:21 生成mapper文件-->MqConfigMapper.xml 
2019-8-31 14:44:21 生成service文件-->MqConfigService.java 
2019-8-31 14:44:21 生成serviceImpl文件-->MqConfigServiceImpl.java 
2019-8-31 14:44:21 生成controller文件-->MqConfigController.java 
2019-8-31 14:44:21 生成controllerJs文件-->MqConfigController.js 
2019-8-31 14:44:21 生成entity文件-->MqMessage.java 
2019-8-31 14:44:21 生成dao文件-->MqMessageMapper.java 
2019-8-31 14:44:21 生成mapper文件-->MqMessageMapper.xml 
2019-8-31 14:44:21 生成service文件-->MqMessageService.java 
2019-8-31 14:44:21 生成serviceImpl文件-->MqMessageServiceImpl.java 
2019-8-31 14:44:21 生成controller文件-->MqMessageController.java 
2019-8-31 14:44:21 生成controllerJs文件-->MqMessageController.js 
2019-8-31 14:44:21 项目生产完毕...!,请在  D:/S/ 执行 mvn  spring-boot:run  命令运行查看 
2019-8-31 14:48:50 新建目录D:/S/demo/src/main/java/com/ming/dao/model 
2019-8-31 14:48:50 新建目录D:/S/demo/src/main/java/com/ming/dao/mapper 
2019-8-31 14:48:50 新建目录D:/S/demo/src/main/resources/mybatis 
2019-8-31 14:48:50 新建目录D:/S/demo/src/main/java/com/ming//service 
2019-8-31 14:48:50 新建目录D:/S/demo/src/main/java/com/ming//service/impl 
2019-8-31 14:48:50 新建目录D:/S/demo/src/main/java/com/ming//controller 
2019-8-31 14:48:50 新建目录D:/S//demo/src/test/js/controller 
2019-8-31 14:48:50 新建目录D:/S//demo/src/main/resources 
2019-8-31 14:48:52 生成application.properties文件 
2019-8-31 14:48:52 生成entity文件-->MqConfig.java 
2019-8-31 14:48:52 生成dao文件-->MqConfigMapper.java 
2019-8-31 14:48:52 生成mapper文件-->MqConfigMapper.xml 
2019-8-31 14:48:52 生成service文件-->MqConfigService.java 
2019-8-31 14:48:52 生成serviceImpl文件-->MqConfigServiceImpl.java 
2019-8-31 14:48:52 生成controller文件-->MqConfigController.java 
2019-8-31 14:48:52 生成controllerJs文件-->MqConfigController.js 
2019-8-31 14:48:52 生成entity文件-->MqMessage.java 
2019-8-31 14:48:52 生成dao文件-->MqMessageMapper.java 
2019-8-31 14:48:52 生成mapper文件-->MqMessageMapper.xml 
2019-8-31 14:48:52 生成service文件-->MqMessageService.java 
2019-8-31 14:48:52 生成serviceImpl文件-->MqMessageServiceImpl.java 
2019-8-31 14:48:52 生成controller文件-->MqMessageController.java 
2019-8-31 14:48:52 生成controllerJs文件-->MqMessageController.js 
2019-8-31 14:48:52 项目生产完毕...!,请在  D:/S/ 执行 mvn  spring-boot:run  命令运行查看 
2019-8-31 14:52:35 新建目录D:/S/demo/src/main/java/com/ming/dao/model 
2019-8-31 14:52:35 新建目录D:/S/demo/src/main/java/com/ming/dao/mapper 
2019-8-31 14:52:35 新建目录D:/S/demo/src/main/resources/mybatis 
2019-8-31 14:52:35 新建目录D:/S/demo/src/main/java/com/ming//service 
2019-8-31 14:52:35 新建目录D:/S/demo/src/main/java/com/ming//service/impl 
2019-8-31 14:52:35 新建目录D:/S/demo/src/main/java/com/ming//controller 
2019-8-31 14:52:35 新建目录D:/S//demo/src/test/js/controller 
2019-8-31 14:52:35 新建目录D:/S//demo/src/main/resources 
2019-8-31 14:52:37 生成application.properties文件 
2019-8-31 14:52:37 生成entity文件-->MqConfig.java 
2019-8-31 14:52:37 生成dao文件-->MqConfigMapper.java 
2019-8-31 14:52:37 生成mapper文件-->MqConfigMapper.xml 
2019-8-31 14:52:37 生成service文件-->MqConfigService.java 
2019-8-31 14:52:37 生成serviceImpl文件-->MqConfigServiceImpl.java 
2019-8-31 14:52:37 生成controller文件-->MqConfigController.java 
2019-8-31 14:52:37 生成controllerJs文件-->MqConfigController.js 
2019-8-31 14:52:37 生成entity文件-->MqMessage.java 
2019-8-31 14:52:37 生成dao文件-->MqMessageMapper.java 
2019-8-31 14:52:37 生成mapper文件-->MqMessageMapper.xml 
2019-8-31 14:52:37 生成service文件-->MqMessageService.java 
2019-8-31 14:52:37 生成serviceImpl文件-->MqMessageServiceImpl.java 
2019-8-31 14:52:37 生成controller文件-->MqMessageController.java 
2019-8-31 14:52:37 生成controllerJs文件-->MqMessageController.js 
2019-8-31 14:52:37 项目生产完毕...!,请在  D:/S/ 执行 mvn  spring-boot:run  命令运行查看 
2019-8-31 14:54:15 新建目录D:/S/demo/src/main/java/com/ming/dao/model 
2019-8-31 14:54:15 新建目录D:/S/demo/src/main/java/com/ming/dao/mapper 
2019-8-31 14:54:15 新建目录D:/S/demo/src/main/resources/mybatis 
2019-8-31 14:54:15 新建目录D:/S/demo/src/main/java/com/ming//service 
2019-8-31 14:54:15 新建目录D:/S/demo/src/main/java/com/ming//service/impl 
2019-8-31 14:54:15 新建目录D:/S/demo/src/main/java/com/ming//controller 
2019-8-31 14:54:15 新建目录D:/S//demo/src/test/js/controller 
2019-8-31 14:54:15 新建目录D:/S//demo/src/main/resources 
2019-8-31 14:54:17 生成application.properties文件 
2019-8-31 14:54:17 生成entity文件-->MqConfig.java 
2019-8-31 14:54:17 生成dao文件-->MqConfigMapper.java 
2019-8-31 14:54:17 生成mapper文件-->MqConfigMapper.xml 
2019-8-31 14:54:17 生成service文件-->MqConfigService.java 
2019-8-31 14:54:17 生成serviceImpl文件-->MqConfigServiceImpl.java 
2019-8-31 14:54:17 生成controller文件-->MqConfigController.java 
2019-8-31 14:54:17 生成controllerJs文件-->MqConfigController.js 
2019-8-31 14:54:17 生成entity文件-->MqMessage.java 
2019-8-31 14:54:17 生成dao文件-->MqMessageMapper.java 
2019-8-31 14:54:17 生成mapper文件-->MqMessageMapper.xml 
2019-8-31 14:54:17 生成service文件-->MqMessageService.java 
2019-8-31 14:54:17 生成serviceImpl文件-->MqMessageServiceImpl.java 
2019-8-31 14:54:17 生成controller文件-->MqMessageController.java 
2019-8-31 14:54:17 生成controllerJs文件-->MqMessageController.js 
2019-8-31 14:54:17 项目生产完毕...!,请在  D:/S/ 执行 mvn  spring-boot:run  命令运行查看 
2019-8-31 15:27:17 新建目录D:/S/demo/src/main/java/com/ming/dao/model 
2019-8-31 15:27:17 新建目录D:/S/demo/src/main/java/com/ming/dao/mapper 
2019-8-31 15:27:17 新建目录D:/S/demo/src/main/resources/mybatis 
2019-8-31 15:27:17 新建目录D:/S/demo/src/main/java/com/ming//service 
2019-8-31 15:27:17 新建目录D:/S/demo/src/main/java/com/ming//service/impl 
2019-8-31 15:27:17 新建目录D:/S/demo/src/main/java/com/ming//controller 
2019-8-31 15:27:17 新建目录D:/S//demo/src/test/js/controller 
2019-8-31 15:27:17 新建目录D:/S//demo/src/main/resources 
2019-8-31 15:27:19 生成application.properties文件 
2019-8-31 15:27:19 生成entity文件-->MqConfig.java 
2019-8-31 15:27:19 生成dao文件-->MqConfigMapper.java 
2019-8-31 15:27:19 生成mapper文件-->MqConfigMapper.xml 
2019-8-31 15:27:19 生成service文件-->MqConfigService.java 
2019-8-31 15:27:19 生成serviceImpl文件-->MqConfigServiceImpl.java 
2019-8-31 15:27:19 生成controller文件-->MqConfigController.java 
2019-8-31 15:27:19 生成controllerJs文件-->MqConfigController.js 
2019-8-31 15:27:19 生成entity文件-->MqMessage.java 
2019-8-31 15:27:19 生成dao文件-->MqMessageMapper.java 
2019-8-31 15:27:19 生成mapper文件-->MqMessageMapper.xml 
2019-8-31 15:27:19 生成service文件-->MqMessageService.java 
2019-8-31 15:27:19 生成serviceImpl文件-->MqMessageServiceImpl.java 
2019-8-31 15:27:19 生成controller文件-->MqMessageController.java 
2019-8-31 15:27:19 生成controllerJs文件-->MqMessageController.js 
2019-8-31 15:27:19 项目生产完毕...!,请在  D:/S/ 执行 mvn  spring-boot:run  命令运行查看 
2019-8-31 17:27:01 新建目录D:/S/demo/src/main/java/com/ming/dao/model 
2019-8-31 17:27:01 新建目录D:/S/demo/src/main/java/com/ming/dao/mapper 
2019-8-31 17:27:01 新建目录D:/S/demo/src/main/resources/mybatis 
2019-8-31 17:27:01 新建目录D:/S/demo/src/main/java/com/ming//service 
2019-8-31 17:27:01 新建目录D:/S/demo/src/main/java/com/ming//service/impl 
2019-8-31 17:27:01 新建目录D:/S/demo/src/main/java/com/ming//controller 
2019-8-31 17:27:01 新建目录D:/S//demo/src/test/js/controller 
2019-8-31 17:27:01 新建目录D:/S//demo/src/main/resources 
2019-8-31 17:27:03 生成application.properties文件 
2019-8-31 17:27:04 生成entity文件-->MqConfig.java 
2019-8-31 17:27:04 生成dao文件-->MqConfigMapper.java 
2019-8-31 17:27:04 生成mapper文件-->MqConfigMapper.xml 
2019-8-31 17:27:04 生成service文件-->MqConfigService.java 
2019-8-31 17:27:04 生成serviceImpl文件-->MqConfigServiceImpl.java 
2019-8-31 17:27:04 生成controller文件-->MqConfigController.java 
2019-8-31 17:27:04 生成controllerJs文件-->MqConfigController.js 
2019-8-31 17:27:04 生成entity文件-->MqMessage.java 
2019-8-31 17:27:04 生成dao文件-->MqMessageMapper.java 
2019-8-31 17:27:04 生成mapper文件-->MqMessageMapper.xml 
2019-8-31 17:27:04 生成service文件-->MqMessageService.java 
2019-8-31 17:27:04 生成serviceImpl文件-->MqMessageServiceImpl.java 
2019-8-31 17:27:04 生成controller文件-->MqMessageController.java 
2019-8-31 17:27:04 生成controllerJs文件-->MqMessageController.js 
2019-8-31 17:27:04 项目生产完毕...!,请在  D:/S/ 执行 mvn  spring-boot:run  命令运行查看 
2019-8-31 17:29:51 新建目录D:/S/demo/src/main/java/com/ming/dao/model 
2019-8-31 17:29:51 新建目录D:/S/demo/src/main/java/com/ming/dao/mapper 
2019-8-31 17:29:51 新建目录D:/S/demo/src/main/resources/mybatis 
2019-8-31 17:29:51 新建目录D:/S/demo/src/main/java/com/ming//service 
2019-8-31 17:29:51 新建目录D:/S/demo/src/main/java/com/ming//service/impl 
2019-8-31 17:29:51 新建目录D:/S/demo/src/main/java/com/ming//controller 
2019-8-31 17:29:51 新建目录D:/S//demo/src/test/js/controller 
2019-8-31 17:29:51 新建目录D:/S//demo/src/main/resources 
2019-8-31 17:29:53 生成application.properties文件 
2019-8-31 17:29:53 生成entity文件-->MqConfig.java 
2019-8-31 17:29:53 生成dao文件-->MqConfigMapper.java 
2019-8-31 17:29:53 生成mapper文件-->MqConfigMapper.xml 
2019-8-31 17:29:53 生成service文件-->MqConfigService.java 
2019-8-31 17:29:53 生成serviceImpl文件-->MqConfigServiceImpl.java 
2019-8-31 17:29:53 生成controller文件-->MqConfigController.java 
2019-8-31 17:29:53 生成controllerJs文件-->MqConfigController.js 
2019-8-31 17:29:53 生成entity文件-->MqMessage.java 
2019-8-31 17:29:53 生成dao文件-->MqMessageMapper.java 
2019-8-31 17:29:53 生成mapper文件-->MqMessageMapper.xml 
2019-8-31 17:29:53 生成service文件-->MqMessageService.java 
2019-8-31 17:29:53 生成serviceImpl文件-->MqMessageServiceImpl.java 
2019-8-31 17:29:53 生成controller文件-->MqMessageController.java 
2019-8-31 17:29:53 生成controllerJs文件-->MqMessageController.js 
2019-8-31 17:29:53 项目生产完毕...!,请在  D:/S/ 执行 mvn  spring-boot:run  命令运行查看 
